#
# A fatal error has been detected by the Java Runtime Environment:
#
#  SIGSEGV (0xb) at pc=0x000000010e96b780, pid=1909, tid=0x0000000000000103
#
# JRE version: Java(TM) SE Runtime Environment (8.0_211-b12) (build 1.8.0_211-b12)
# Java VM: Java HotSpot(TM) 64-Bit Server VM (25.211-b12 mixed mode bsd-amd64 compressed oops)
# Problematic frame:
# C  [libR.dylib+0xa4780]  Rf_findVarInFrame3+0x230
#
# Failed to write core dump. Core dumps have been disabled. To enable core dumping, try "ulimit -c unlimited" before starting Java again
#
# If you would like to submit a bug report, please visit:
#   http://bugreport.java.com/bugreport/crash.jsp
# The crash happened outside the Java Virtual Machine in native code.
# See problematic frame for where to report the bug.
#

---------------  T H R E A D  ---------------

Current thread (0x00007fa30dddc800):  JavaThread "main" [_thread_in_native, id=259, stack(0x000000030ccb7000,0x000000030d4b7000)]

siginfo: si_signo: 11 (SIGSEGV), si_code: 1 (SEGV_MAPERR), si_addr: 0x70722f2054534f80

Registers:
RAX=0x0000000000000000, RBX=0x70722f2054534f50, RCX=0x00007fa30d84b200, RDX=0x0000000000000000
RSP=0x000000030d4ac1e0, RBP=0x000000030d4ac210, RSI=0x00007fa30d8194e0, RDI=0x00007fa30d81b2e8
R8 =0x00001aec31006109, R9 =0x000000010ed2aee0, R10=0x000000000000000d, R11=0x00007fa3100b4540
R12=0x00007fa30ded05f8, R13=0x00007fa30d84a740, R14=0x00007fa30d8191d0, R15=0x000000010ed2b6c0
RIP=0x000000010e96b780, EFLAGS=0x0000000000000202, ERR=0x0000000000000004
  TRAPNO=0x000000000000000e

Top of Stack: (sp=0x000000030d4ac1e0)
0x000000030d4ac1e0:   000000010ed2b5a8 000000010ed2b6d8
0x000000030d4ac1f0:   00007fa30ded05f8 00007fa30ded0620
0x000000030d4ac200:   00007fa30d8191d0 00007fa24b3024d8
0x000000030d4ac210:   000000030d4ac260 000000010e9a8887
0x000000030d4ac220:   00007fa24b302040 00007fa30ded05f8
0x000000030d4ac230:   00007fa2ffb5eae8 00007fa24b3024d8
0x000000030d4ac240:   e90c37cf2c4900d1 000000010ed2b6d8
0x000000030d4ac250:   0000ffffffffffff 00007fa24b3024d8
0x000000030d4ac260:   000000030d4ac460 000000010e9a2829
0x000000030d4ac270:   00007fa30d8194e0 000000030d4acae8
0x000000030d4ac280:   ba65c81400000008 0000000000003ff6
0x000000030d4ac290:   a734a686bc87aa98 0000000000003ff7
0x000000030d4ac2a0:   a3a75fc25e7c4212 0000000000003ff6
0x000000030d4ac2b0:   0000000000000001 00007fa2d932b0e8
0x000000030d4ac2c0:   00007fa3100b4800 0000000000003ff8
0x000000030d4ac2d0:   fef39953eb6ee976 0000000000003ff7
0x000000030d4ac2e0:   bed644251d0df28a 0000000000003ff6
0x000000030d4ac2f0:   00007fa30d832660 0000000000003ff6
0x000000030d4ac300:   c4d80ecaf7ebe68d 0000000000003ff6
0x000000030d4ac310:   9bb45ec2226d4220 000000250e314608
0x000000030d4ac320:   000000000000000d 00007fa30d8194e0
0x000000030d4ac330:   00007fa30d8194e0 00007fa30d819470
0x000000030d4ac340:   00007fa30ded0550 00007fa30d819470
0x000000030d4ac350:   00007fa30d8194e0 000000010e9a8510
0x000000030d4ac360:   00007fa24b302078 0000000000000000
0x000000030d4ac370:   0000000100000000 0000000100000000
0x000000030d4ac380:   00007fa2fd866038 000000030d4ad5a8
0x000000030d4ac390:   00007fa30d8194e0 00007fa30d8194e0
0x000000030d4ac3a0:   0000000000000000 00007fa3100b4570
0x000000030d4ac3b0:   00007fa3100b4570 00007fa30d8194e0
0x000000030d4ac3c0:   0000000300000000 0000000000000000
0x000000030d4ac3d0:   0000000000000000 00007fa300000000 

Instructions: (pc=0x000000010e96b780)
0x000000010e96b760:   49 8b 4d 30 99 f7 79 20 48 63 c2 48 8b 5c c1 30
0x000000010e96b770:   49 8b 37 48 39 f3 74 c7 0f 1f 84 00 00 00 00 00
0x000000010e96b780:   4c 39 73 30 74 0b 48 8b 5b 28 48 39 f3 75 f1 eb
0x000000010e96b790:   ae 48 8b 03 48 89 c1 48 c1 e9 30 74 0e 48 89 df 

Register to memory mapping:

RAX=0x0000000000000000 is an unknown value
RBX=0x70722f2054534f50 is an unknown value
RCX=0x00007fa30d84b200 is an unknown value
RDX=0x0000000000000000 is an unknown value
RSP=0x000000030d4ac1e0 is pointing into the stack for thread: 0x00007fa30dddc800
RBP=0x000000030d4ac210 is pointing into the stack for thread: 0x00007fa30dddc800
RSI=0x00007fa30d8194e0 is an unknown value
RDI=0x00007fa30d81b2e8 is an unknown value
R8 =0x00001aec31006109 is an unknown value
R9 =0x000000010ed2aee0: R_EvalDepth+0 in /Library/Frameworks/R.framework/Versions/4.1/Resources/lib/libR.dylib at 0x000000010e8c7000
R10=0x000000000000000d is an unknown value
R11=0x00007fa3100b4540 is an unknown value
R12=0x00007fa30ded05f8 is an unknown value
R13=0x00007fa30d84a740 is an unknown value
R14=0x00007fa30d8191d0 is an unknown value
R15=0x000000010ed2b6c0: R_NilValue+0 in /Library/Frameworks/R.framework/Versions/4.1/Resources/lib/libR.dylib at 0x000000010e8c7000


Stack: [0x000000030ccb7000,0x000000030d4b7000],  sp=0x000000030d4ac1e0,  free space=8148k
Native frames: (J=compiled Java code, j=interpreted, Vv=VM code, C=native code)
C  [libR.dylib+0xa4780]  Rf_findVarInFrame3+0x230
C  [libR.dylib+0xe1887]  getAssignFcnSymbol+0x57
C  [libR.dylib+0xdb829]  do_set+0x719
C  [libR.dylib+0xb87a7]  Rf_eval+0x377
C  [libR.dylib+0xb87a7]  Rf_eval+0x377
C  [libR.dylib+0xdadce]  do_begin+0x1ce
C  [libR.dylib+0xb87a7]  Rf_eval+0x377
C  [libR.dylib+0xd8429]  R_execClosure+0x879
C  [libR.dylib+0xd7217]  Rf_applyClosure+0x1d7
C  [libR.dylib+0xbf4fe]  bcEval+0x689e
C  [libR.dylib+0xb85b1]  Rf_eval+0x181
C  [libR.dylib+0xd8429]  R_execClosure+0x879
C  [libR.dylib+0xd7217]  Rf_applyClosure+0x1d7
C  [libR.dylib+0xb8a6b]  Rf_eval+0x63b
C  [libR.dylib+0x73334]  protectedEval+0x24
C  [libR.dylib+0x7320d]  R_ToplevelExec+0x27d
C  [libR.dylib+0x732dc]  R_tryEval+0x2c
C  [rsession+0x9837bd]  _ZN13rstudio_boost4asio6detail24descriptor_write_op_baseINS0_15const_buffers_1EE10do_performEPNS1_10reactor_opE+0x3cb2d
C  [rsession+0x9852cd]  _ZN13rstudio_boost4asio6detail24descriptor_write_op_baseINS0_15const_buffers_1EE10do_performEPNS1_10reactor_opE+0x3e63d
C  [rsession+0x9857c9]  _ZN13rstudio_boost4asio6detail24descriptor_write_op_baseINS0_15const_buffers_1EE10do_performEPNS1_10reactor_opE+0x3eb39
C  [rsession+0x400614]  _ZN13rstudio_boost4asio6detail16service_registry6createINS1_23reactive_socket_serviceINS0_5local15stream_protocolEEENS0_10io_contextEEEPNS0_17execution_context7serviceEPv+0x2241d4
C  [rsession+0x3fe9b4]  _ZN13rstudio_boost4asio6detail16service_registry6createINS1_23reactive_socket_serviceINS0_5local15stream_protocolEEENS0_10io_contextEEEPNS0_17execution_context7serviceEPv+0x222574
C  [rsession+0x3fe693]  _ZN13rstudio_boost4asio6detail16service_registry6createINS1_23reactive_socket_serviceINS0_5local15stream_protocolEEENS0_10io_contextEEEPNS0_17execution_context7serviceEPv+0x222253
C  [rsession+0x29a5a3]  _ZN13rstudio_boost4asio6detail16service_registry6createINS1_23reactive_socket_serviceINS0_5local15stream_protocolEEENS0_10io_contextEEEPNS0_17execution_context7serviceEPv+0xbe163
C  [rsession+0x94104]
C  [rsession+0x87bce2]  _ZN13rstudio_boost4asio12placeholders17bytes_transferredEv+0xfdf32
C  [rsession+0xfaa36]  _ZN13rstudio_boost4asio6detail30reactive_socket_accept_op_baseINS0_12basic_socketINS0_2ip3tcpEEES5_E10do_performEPNS1_10reactor_opE+0x35446
C  [rsession+0x1028b6]  _ZN13rstudio_boost4asio6detail30reactive_socket_accept_op_baseINS0_12basic_socketINS0_2ip3tcpEEES5_E10do_performEPNS1_10reactor_opE+0x3d2c6
C  [rsession+0x105523]  _ZN13rstudio_boost4asio6detail30reactive_socket_accept_op_baseINS0_12basic_socketINS0_2ip3tcpEEES5_E10do_performEPNS1_10reactor_opE+0x3ff33
C  [rsession+0x9eedf2]  _ZN13rstudio_boost4asio6detail24descriptor_write_op_baseINS0_15const_buffers_1EE10do_performEPNS1_10reactor_opE+0xa8162
C  [libR.dylib+0x20af56]  R_ProcessEvents+0x36
C  [libR.dylib+0xb034d]  R_CheckUserInterrupt+0x4d
C  [libR.dylib+0x1f3b4]  R_binary+0x4e74
C  [libR.dylib+0xc119c]  bcEval+0x853c
C  [libR.dylib+0xb85b1]  Rf_eval+0x181
C  [libR.dylib+0xd8429]  R_execClosure+0x879
C  [libR.dylib+0xd7217]  Rf_applyClosure+0x1d7
C  [libR.dylib+0xbf4fe]  bcEval+0x689e
C  [libR.dylib+0xb85b1]  Rf_eval+0x181
C  [libR.dylib+0xd8429]  R_execClosure+0x879
C  [libR.dylib+0xd7217]  Rf_applyClosure+0x1d7
C  [libR.dylib+0xbf4fe]  bcEval+0x689e
C  [libR.dylib+0xb85b1]  Rf_eval+0x181
C  [libR.dylib+0xd8429]  R_execClosure+0x879
C  [libR.dylib+0xd7217]  Rf_applyClosure+0x1d7
C  [libR.dylib+0xbf4fe]  bcEval+0x689e
C  [libR.dylib+0xb85b1]  Rf_eval+0x181
C  [libR.dylib+0xd8429]  R_execClosure+0x879
C  [libR.dylib+0xd7217]  Rf_applyClosure+0x1d7
C  [libR.dylib+0xbf4fe]  bcEval+0x689e
C  [libR.dylib+0xb85b1]  Rf_eval+0x181
C  [libR.dylib+0xd8429]  R_execClosure+0x879
C  [libR.dylib+0xd7217]  Rf_applyClosure+0x1d7
C  [libR.dylib+0xbf4fe]  bcEval+0x689e
C  [libR.dylib+0xb85b1]  Rf_eval+0x181
C  [libR.dylib+0xd8429]  R_execClosure+0x879
C  [libR.dylib+0xd7217]  Rf_applyClosure+0x1d7
C  [libR.dylib+0xb8a6b]  Rf_eval+0x63b
C  [libR.dylib+0xdbaf6]  do_set+0x9e6
C  [libR.dylib+0xb87a7]  Rf_eval+0x377
C  [libR.dylib+0x10db97]  Rf_ReplIteration+0x327
C  [libR.dylib+0x10f291]  R_ReplConsole+0xa1
C  [libR.dylib+0x10f1e2]  run_Rmainloop+0x52
C  [libR.dylib+0x10f31e]  Rf_mainloop+0xe
C  [rsession+0x9ee5c0]  _ZN13rstudio_boost4asio6detail24descriptor_write_op_baseINS0_15const_buffers_1EE10do_performEPNS1_10reactor_opE+0xa7930
C  [rsession+0x9c213e]  _ZN13rstudio_boost4asio6detail24descriptor_write_op_baseINS0_15const_buffers_1EE10do_performEPNS1_10reactor_opE+0x7b4ae
C  [rsession+0x151910]  _ZN13rstudio_boost4asio6detail30reactive_socket_accept_op_baseINS0_12basic_socketINS0_2ip3tcpEEES5_E10do_performEPNS1_10reactor_opE+0x8c320
C  [libdyld.dylib+0x15f3d]  start+0x1
C  0x0000000000000009


---------------  P R O C E S S  ---------------

Java Threads: ( => current thread )
  0x00007fa2fe0df800 JavaThread "Service Thread" daemon [_thread_blocked, id=25095, stack(0x000000030ee96000,0x000000030f096000)]
  0x00007fa2fef9e000 JavaThread "C1 CompilerThread3" daemon [_thread_blocked, id=24579, stack(0x000000030ed93000,0x000000030ee93000)]
  0x00007fa2be4bb000 JavaThread "C2 CompilerThread2" daemon [_thread_blocked, id=23811, stack(0x000000030ec90000,0x000000030ed90000)]
  0x00007fa2be4ba000 JavaThread "C2 CompilerThread1" daemon [_thread_blocked, id=40707, stack(0x000000030eb8d000,0x000000030ec8d000)]
  0x00007fa30d870800 JavaThread "C2 CompilerThread0" daemon [_thread_blocked, id=40963, stack(0x000000030ea8a000,0x000000030eb8a000)]
  0x00007fa30dc7a800 JavaThread "Attach Listener" daemon [_thread_blocked, id=41507, stack(0x000000030e887000,0x000000030ea87000)]
  0x00007fa2ff80a800 JavaThread "Finalizer" daemon [_thread_blocked, id=43295, stack(0x000000030e5fd000,0x000000030e7fd000)]
  0x00007fa2c8324000 JavaThread "Reference Handler" daemon [_thread_blocked, id=15651, stack(0x000000030e3fa000,0x000000030e5fa000)]
=>0x00007fa30dddc800 JavaThread "main" [_thread_in_native, id=259, stack(0x000000030ccb7000,0x000000030d4b7000)]

Other Threads:
  0x00007fa2f9eea800 VMThread [stack: 0x000000030e2f7000,0x000000030e3f7000] [id=16131]
  0x00007fa2f8cc0000 WatcherThread [stack: 0x000000030f099000,0x000000030f199000] [id=39951]

VM state:not at safepoint (normal execution)

VM Mutex/Monitor currently owned by a thread: None

heap address: 0x00000007a0000000, size: 512 MB, Compressed Oops mode: Zero based, Oop shift amount: 3
Narrow klass base: 0x0000000000000000, Narrow klass shift: 3
Compressed class space size: 1073741824 Address: 0x00000007c0000000

Heap:
 PSYoungGen      total 76288K, used 47280K [0x00000007b5580000, 0x00000007baa80000, 0x00000007c0000000)
  eden space 65536K, 72% used [0x00000007b5580000,0x00000007b83ac320,0x00000007b9580000)
  from space 10752K, 0% used [0x00000007ba000000,0x00000007ba000000,0x00000007baa80000)
  to   space 10752K, 0% used [0x00000007b9580000,0x00000007b9580000,0x00000007ba000000)
 ParOldGen       total 175104K, used 0K [0x00000007a0000000, 0x00000007aab00000, 0x00000007b5580000)
  object space 175104K, 0% used [0x00000007a0000000,0x00000007a0000000,0x00000007aab00000)
 Metaspace       used 9506K, capacity 10042K, committed 10240K, reserved 1058816K
  class space    used 1129K, capacity 1221K, committed 1280K, reserved 1048576K

Card table byte_map: [0x000000012bb86000,0x000000012bc87000] byte_map_base: 0x0000000127e86000

Marking Bits: (ParMarkBitMap*) 0x000000011b124e40
 Begin Bits: [0x000000012bd82000, 0x000000012c582000)
 End Bits:   [0x000000012c582000, 0x000000012cd82000)

Polling page: 0x0000000112ee0000

CodeCache: size=245760Kb used=2676Kb max_used=2696Kb free=243083Kb
 bounds [0x000000011c7bf000, 0x000000011ca6f000, 0x000000012b7bf000]
 total_blobs=813 nmethods=550 adapters=178
 compilation: enabled

Compilation events (10 events):
Event: 0.596 Thread 0x00007fa2be4ba000  547       4       java.io.FilterInputStream::read (9 bytes)
Event: 0.607 Thread 0x00007fa2be4ba000 nmethod 547 0x000000011ca4bed0 code [0x000000011ca4c100, 0x000000011ca4d380]
Event: 0.607 Thread 0x00007fa2be4ba000  548       4       java.lang.ClassLoader::checkName (43 bytes)
Event: 0.610 Thread 0x00007fa2be4ba000 nmethod 548 0x000000011ca3ce90 code [0x000000011ca3d000, 0x000000011ca3d238]
Event: 0.617 Thread 0x00007fa30d870800 nmethod 541 0x000000011ca53cd0 code [0x000000011ca54060, 0x000000011ca57ed0]
Event: 0.618 Thread 0x00007fa2be4ba000  549       4       sun.misc.URLClassPath::getResource (83 bytes)
Event: 0.618 Thread 0x00007fa30d870800  550       4       java.io.UnixFileSystem::getBooleanAttributes (49 bytes)
Event: 0.623 Thread 0x00007fa30d870800 nmethod 550 0x000000011ca3fa90 code [0x000000011ca3fc20, 0x000000011ca40028]
Event: 0.624 Thread 0x00007fa2be4bb000 nmethod 545 0x000000011ca5de10 code [0x000000011ca5e140, 0x000000011ca61b60]
Event: 0.661 Thread 0x00007fa2be4ba000 nmethod 549 0x000000011ca652d0 code [0x000000011ca65680, 0x000000011ca67ad0]

GC Heap History (0 events):
No events

Deoptimization events (0 events):
No events

Classes redefined (0 events):
No events

Internal exceptions (10 events):
Event: 0.632 Thread 0x00007fa30dddc800 Exception <a 'java/lang/NoClassDefFoundError': no/uib/cipr/matrix/LowerSymmDenseMatrix> (0x00000007b839e708) thrown at [/Users/java_re/workspace/8-2-build-macosx-x86_64/jdk8u211/12973/hotspot/src/share/vm/classfile/systemDictionary.cpp, line 199]
Event: 0.632 Thread 0x00007fa30dddc800 Exception <a 'java/lang/NoClassDefFoundError': no/uib/cipr/matrix/AbstractTriangDenseMatrix> (0x00000007b839f3f0) thrown at [/Users/java_re/workspace/8-2-build-macosx-x86_64/jdk8u211/12973/hotspot/src/share/vm/classfile/systemDictionary.cpp, line 199]
Event: 0.632 Thread 0x00007fa30dddc800 Exception <a 'java/lang/NoClassDefFoundError': no/uib/cipr/matrix/LowerTriangBandMatrix> (0x00000007b839fea8) thrown at [/Users/java_re/workspace/8-2-build-macosx-x86_64/jdk8u211/12973/hotspot/src/share/vm/classfile/systemDictionary.cpp, line 199]
Event: 0.632 Thread 0x00007fa30dddc800 Exception <a 'java/lang/NoClassDefFoundError': no/uib/cipr/matrix/UpperSymmPackMatrix> (0x00000007b83a0858) thrown at [/Users/java_re/workspace/8-2-build-macosx-x86_64/jdk8u211/12973/hotspot/src/share/vm/classfile/systemDictionary.cpp, line 199]
Event: 0.633 Thread 0x00007fa30dddc800 Exception <a 'java/lang/NoClassDefFoundError': no/uib/cipr/matrix/AbstractTriangDenseMatrix> (0x00000007b83a1740) thrown at [/Users/java_re/workspace/8-2-build-macosx-x86_64/jdk8u211/12973/hotspot/src/share/vm/classfile/systemDictionary.cpp, line 199]
Event: 0.633 Thread 0x00007fa30dddc800 Exception <a 'java/lang/NoClassDefFoundError': no/uib/cipr/matrix/AbstractSymmDenseMatrix> (0x00000007b83a2120) thrown at [/Users/java_re/workspace/8-2-build-macosx-x86_64/jdk8u211/12973/hotspot/src/share/vm/classfile/systemDictionary.cpp, line 199]
Event: 0.634 Thread 0x00007fa30dddc800 Exception <a 'java/lang/NoClassDefFoundError': no/uib/cipr/matrix/sparse/DefaultIterationMonitor> (0x00000007b83a3d40) thrown at [/Users/java_re/workspace/8-2-build-macosx-x86_64/jdk8u211/12973/hotspot/src/share/vm/classfile/systemDictionary.cpp, line 199
Event: 0.634 Thread 0x00007fa30dddc800 Exception <a 'java/lang/NoClassDefFoundError': no/uib/cipr/matrix/LowerTriangDenseMatrix> (0x00000007b83a53c8) thrown at [/Users/java_re/workspace/8-2-build-macosx-x86_64/jdk8u211/12973/hotspot/src/share/vm/classfile/systemDictionary.cpp, line 199]
Event: 0.634 Thread 0x00007fa30dddc800 Exception <a 'java/lang/NoClassDefFoundError': no/uib/cipr/matrix/UpperSymmDenseMatrix> (0x00000007b83a5f20) thrown at [/Users/java_re/workspace/8-2-build-macosx-x86_64/jdk8u211/12973/hotspot/src/share/vm/classfile/systemDictionary.cpp, line 199]
Event: 0.634 Thread 0x00007fa30dddc800 Exception <a 'java/lang/NoClassDefFoundError': no/uib/cipr/matrix/UpperTriangDenseMatrix> (0x00000007b83a6b30) thrown at [/Users/java_re/workspace/8-2-build-macosx-x86_64/jdk8u211/12973/hotspot/src/share/vm/classfile/systemDictionary.cpp, line 199]

Events (10 events):
Event: 0.634 loading class no/uib/cipr/matrix/sparse/DefaultIterationMonitor
Event: 0.634 loading class no/uib/cipr/matrix/sparse/DefaultIterationMonitor done
Event: 0.634 loading class no/uib/cipr/matrix/LowerTriangDenseMatrix
Event: 0.634 loading class no/uib/cipr/matrix/LowerTriangDenseMatrix done
Event: 0.634 loading class no/uib/cipr/matrix/UpperSymmDenseMatrix
Event: 0.634 loading class no/uib/cipr/matrix/UpperSymmDenseMatrix done
Event: 0.634 loading class no/uib/cipr/matrix/UpperTriangDenseMatrix
Event: 0.634 loading class no/uib/cipr/matrix/UpperTriangDenseMatrix done
Event: 4.100 Executing VM operation: EnableBiasedLocking
Event: 4.102 Executing VM operation: EnableBiasedLocking done


Dynamic libraries:
0x00007ffdfff1a000 	/usr/libexec/rosetta/runtime
0x000000010e3cc000 	/Library/Apple/usr/libexec/oah/libRosettaRuntime
0x000000010e8c7000 	/Library/Frameworks/R.framework/Versions/4.1/Resources/lib/libR.dylib
0x00007fff22c15000 	/System/Library/Frameworks/AppKit.framework/Versions/C/AppKit
0x00007fff25f48000 	/usr/lib/libsqlite3.dylib
0x000000010f34c000 	/Applications/RStudio.app/Contents/Frameworks/libpq.5.dylib
0x00007fff2a77c000 	/usr/lib/libSystem.B.dylib
0x00007fff2a6b0000 	/usr/lib/libz.1.dylib
0x00007fff3026a000 	/System/Library/Frameworks/CoreServices.framework/Versions/A/CoreServices
0x000000010f3e4000 	/Applications/RStudio.app/Contents/Frameworks/libssl.1.1.dylib
0x000000010f502000 	/Applications/RStudio.app/Contents/Frameworks/libcrypto.1.1.dylib
0x00007fff20388000 	/usr/lib/libc++.1.dylib
0x00007fff204a2000 	/System/Library/Frameworks/CoreFoundation.framework/Versions/A/CoreFoundation
0x00007fff2117c000 	/System/Library/Frameworks/Foundation.framework/Versions/C/Foundation
0x00007fff202c2000 	/usr/lib/libobjc.A.dylib
0x00007fff23961000 	/System/Library/PrivateFrameworks/UIFoundation.framework/Versions/A/UIFoundation
0x00007fff2feff000 	/System/Library/PrivateFrameworks/RemoteViewServices.framework/Versions/A/RemoteViewServices
0x00007fff28caa000 	/System/Library/PrivateFrameworks/XCTTargetBootstrap.framework/Versions/A/XCTTargetBootstrap
0x00007fff2b9fd000 	/usr/lib/libspindump.dylib
0x00007fff23bb0000 	/System/Library/Frameworks/UniformTypeIdentifiers.framework/Versions/A/UniformTypeIdentifiers
0x00007fff274ae000 	/usr/lib/libapp_launch_measurement.dylib
0x00007fff274b1000 	/System/Library/PrivateFrameworks/CoreAutoLayout.framework/Versions/A/CoreAutoLayout
0x00007fff28611000 	/System/Library/Frameworks/Metal.framework/Versions/A/Metal
0x00007fff2930b000 	/usr/lib/liblangid.dylib
0x00007fff28cae000 	/System/Library/PrivateFrameworks/CoreSVG.framework/Versions/A/CoreSVG
0x00007fff24bf0000 	/System/Library/PrivateFrameworks/SkyLight.framework/Versions/A/SkyLight
0x00007fff24f56000 	/System/Library/Frameworks/CoreGraphics.framework/Versions/A/CoreGraphics
0x00007fff30426000 	/System/Library/Frameworks/Accelerate.framework/Versions/A/Accelerate
0x00007fff2b43b000 	/System/Library/PrivateFrameworks/IconServices.framework/Versions/A/IconServices
0x00007fff285f5000 	/System/Library/Frameworks/IOSurface.framework/Versions/A/IOSurface
0x00007fff26495000 	/usr/lib/libDiagnosticMessagesClient.dylib
0x00007fff33445000 	/System/Library/Frameworks/ApplicationServices.framework/Versions/A/ApplicationServices
0x00007fff28c96000 	/System/Library/PrivateFrameworks/DFRFoundation.framework/Versions/A/DFRFoundation
0x00007fff2253c000 	/usr/lib/libicucore.A.dylib
0x00007fff2cf3e000 	/System/Library/Frameworks/AudioToolbox.framework/Versions/A/AudioToolbox
0x00007fff25b01000 	/System/Library/Frameworks/CoreData.framework/Versions/A/CoreData
0x00007fff2c1c6000 	/System/Library/PrivateFrameworks/DataDetectorsCore.framework/Versions/A/DataDetectorsCore
0x00007fff24b63000 	/usr/lib/libMobileGestalt.dylib
0x00007fff2899a000 	/System/Library/Frameworks/Carbon.framework/Versions/A/Frameworks/HIToolbox.framework/Versions/A/HIToolbox
0x00007fff26ef3000 	/System/Library/Frameworks/QuartzCore.framework/Versions/A/QuartzCore
0x00007fff221e4000 	/System/Library/Frameworks/Security.framework/Versions/A/Security
0x00007fff2ff37000 	/System/Library/Frameworks/Carbon.framework/Versions/A/Frameworks/SpeechRecognition.framework/Versions/A/SpeechRecognition
0x00007fff27213000 	/System/Library/PrivateFrameworks/CoreUI.framework/Versions/A/CoreUI
0x00007fff21b52000 	/System/Library/Frameworks/CoreAudio.framework/Versions/A/CoreAudio
0x00007fff26580000 	/System/Library/Frameworks/DiskArbitration.framework/Versions/A/DiskArbitration
0x00007fff2bdca000 	/System/Library/PrivateFrameworks/MultitouchSupport.framework/Versions/A/MultitouchSupport
0x00007fff2c1bd000 	/System/Library/PrivateFrameworks/InternationalSupport.framework/Versions/A/InternationalSupport
0x00007fff24b62000 	/usr/lib/libenergytrace.dylib
0x00007fff22b0c000 	/System/Library/Frameworks/IOKit.framework/Versions/A/IOKit
0x00007fff27440000 	/System/Library/PrivateFrameworks/PerformanceAnalysis.framework/Versions/A/PerformanceAnalysis
0x00007fff6bde5000 	/System/Library/Frameworks/OpenGL.framework/Versions/A/OpenGL
0x00007fff2c241000 	/System/Library/PrivateFrameworks/UserActivity.framework/Versions/A/UserActivity
0x00007fff25608000 	/System/Library/Frameworks/ColorSync.framework/Versions/A/ColorSync
0x00007fff28f19000 	/System/Library/Frameworks/CoreImage.framework/Versions/A/CoreImage
0x00007fff2196c000 	/System/Library/Frameworks/CoreText.framework/Versions/A/CoreText
0x00007fff28cd8000 	/System/Library/Frameworks/ImageIO.framework/Versions/A/ImageIO
0x00007fff2a782000 	/System/Library/PrivateFrameworks/SoftLinking.framework/Versions/A/SoftLinking
0x00007fff274f9000 	/usr/lib/libxml2.2.dylib
0x00007fff2a9ef000 	/usr/lib/libcompression.dylib
0x00007fff2c0ef000 	/System/Library/PrivateFrameworks/TextureIO.framework/Versions/A/TextureIO
0x00007fff2b0df000 	/usr/lib/libate.dylib
0x00007fff2a776000 	/usr/lib/system/libcache.dylib
0x00007fff2a732000 	/usr/lib/system/libcommonCrypto.dylib
0x00007fff2a75c000 	/usr/lib/system/libcompiler_rt.dylib
0x00007fff2a751000 	/usr/lib/system/libcopyfile.dylib
0x00007fff201b2000 	/usr/lib/system/libcorecrypto.dylib
0x00007fff2027d000 	/usr/lib/system/libdispatch.dylib
0x00007fff20430000 	/usr/lib/system/libdyld.dylib
0x00007fff2a76d000 	/usr/lib/system/libkeymgr.dylib
0x00007fff2dcd5000 	/usr/lib/system/liblaunch.dylib
0x00007fff2a710000 	/usr/lib/system/libmacho.dylib
0x00007fff29f04000 	/usr/lib/system/libquarantine.dylib
0x00007fff2a76a000 	/usr/lib/system/libremovefile.dylib
0x00007fff24bc0000 	/usr/lib/system/libsystem_asl.dylib
0x00007fff20162000 	/usr/lib/system/libsystem_blocks.dylib
0x00007fff202ff000 	/usr/lib/system/libsystem_c.dylib
0x00007fff2a764000 	/usr/lib/system/libsystem_collections.dylib
0x00007fff292fc000 	/usr/lib/system/libsystem_configuration.dylib
0x00007fff285e4000 	/usr/lib/system/libsystem_containermanager.dylib
0x00007fff2a4af000 	/usr/lib/system/libsystem_coreservices.dylib
0x00007fff2279c000 	/usr/lib/system/libsystem_darwin.dylib
0x00007fff2a76e000 	/usr/lib/system/libsystem_dnssd.dylib
0x00007fff202fc000 	/usr/lib/system/libsystem_featureflags.dylib
0x00007fff20476000 	/usr/lib/system/libsystem_info.dylib
0x00007fff2a6c3000 	/usr/lib/system/libsystem_m.dylib
0x00007fff20250000 	/usr/lib/system/libsystem_malloc.dylib
0x00007fff24b53000 	/usr/lib/system/libsystem_networkextension.dylib
0x00007fff22bbb000 	/usr/lib/system/libsystem_notify.dylib
0x00007fff3016c000 	/usr/lib/system/libsystem_product_info_filter.dylib
0x00007fff29300000 	/usr/lib/system/libsystem_sandbox.dylib
0x00007fff2a767000 	/usr/lib/system/libsystem_secinit.dylib
0x00007fff203f4000 	/usr/lib/system/libsystem_kernel.dylib
0x00007fff2046c000 	/usr/lib/system/libsystem_platform.dylib
0x00007fff20424000 	/usr/lib/system/libsystem_pthread.dylib
0x00007fff262d1000 	/usr/lib/system/libsystem_symptoms.dylib
0x00007fff2019a000 	/usr/lib/system/libsystem_trace.dylib
0x00007fff2a73e000 	/usr/lib/system/libunwind.dylib
0x00007fff20164000 	/usr/lib/system/libxpc.dylib
0x00007fff203de000 	/usr/lib/libc++abi.dylib
0x00007fff2a749000 	/usr/lib/liboah.dylib
0x00007fff2ae0b000 	/usr/lib/liblzma.5.dylib
0x00007fff20e90000 	/System/Library/Frameworks/SystemConfiguration.framework/Versions/A/SystemConfiguration
0x00007fff2a77e000 	/usr/lib/libfakelink.dylib
0x00007fff246b4000 	/System/Library/Frameworks/CFNetwork.framework/Versions/A/CFNetwork
0x00007fff2a8be000 	/usr/lib/libarchive.2.dylib
0x00007fff20f0e000 	/usr/lib/libCRFSuite.dylib
0x00007fff29f2b000 	/usr/lib/libbsm.0.dylib
0x00007fff2402d000 	/usr/lib/libnetwork.dylib
0x00007fff2a783000 	/usr/lib/libpcap.A.dylib
0x00007fff262ca000 	/usr/lib/libdns_services.dylib
0x00007fff2ae24000 	/usr/lib/libcoretls_cfhelpers.dylib
0x00007fff2a9bd000 	/usr/lib/libapple_nghttp2.dylib
0x00007fff2a716000 	/usr/lib/system/libkxld.dylib
0x00007fff2a492000 	/System/Library/PrivateFrameworks/AppleFSCompression.framework/Versions/A/AppleFSCompression
0x00007fff29f13000 	/usr/lib/libcoretls.dylib
0x00007fff2a9ea000 	/usr/lib/libpam.2.dylib
0x00007fff2af22000 	/usr/lib/libxar.1.dylib
0x00007fff29307000 	/System/Library/PrivateFrameworks/AppleSystemInfo.framework/Versions/A/AppleSystemInfo
0x00007fff29b55000 	/System/Library/PrivateFrameworks/IOMobileFramebuffer.framework/Versions/A/IOMobileFramebuffer
0x00007fff2a4a2000 	/usr/lib/libbz2.1.0.dylib
0x00007fff2a7bb000 	/usr/lib/libiconv.2.dylib
0x00007fff2a70f000 	/usr/lib/libcharset.1.dylib
0x00007fff2747c000 	/System/Library/Frameworks/CoreServices.framework/Versions/A/Frameworks/FSEvents.framework/Versions/A/FSEvents
0x00007fff227a6000 	/System/Library/Frameworks/CoreServices.framework/Versions/A/Frameworks/CarbonCore.framework/Versions/A/CarbonCore
0x00007fff264e5000 	/System/Library/Frameworks/CoreServices.framework/Versions/A/Frameworks/Metadata.framework/Versions/A/Metadata
0x00007fff2a4b4000 	/System/Library/Frameworks/CoreServices.framework/Versions/A/Frameworks/OSServices.framework/Versions/A/OSServices
0x00007fff2a930000 	/System/Library/Frameworks/CoreServices.framework/Versions/A/Frameworks/SearchKit.framework/Versions/A/SearchKit
0x00007fff26255000 	/System/Library/Frameworks/CoreServices.framework/Versions/A/Frameworks/AE.framework/Versions/A/AE
0x00007fff20941000 	/System/Library/Frameworks/CoreServices.framework/Versions/A/Frameworks/LaunchServices.framework/Versions/A/LaunchServices
0x00007fff2adbb000 	/System/Library/Frameworks/CoreServices.framework/Versions/A/Frameworks/DictionaryServices.framework/Versions/A/DictionaryServices
0x00007fff27489000 	/System/Library/Frameworks/CoreServices.framework/Versions/A/Frameworks/SharedFileList.framework/Versions/A/SharedFileList
0x00007fff29f07000 	/usr/lib/libCheckFix.dylib
0x00007fff24bd7000 	/System/Library/PrivateFrameworks/TCC.framework/Versions/A/TCC
0x00007fff2930d000 	/System/Library/PrivateFrameworks/CoreNLP.framework/Versions/A/CoreNLP
0x00007fff26498000 	/System/Library/PrivateFrameworks/MetadataUtilities.framework/Versions/A/MetadataUtilities
0x00007fff20f43000 	/usr/lib/libmecabra.dylib
0x00007fff2a211000 	/System/Library/Frameworks/MLCompute.framework/Versions/A/MLCompute
0x00007fff29f3c000 	/usr/lib/libmecab.dylib
0x00007fff29f86000 	/usr/lib/libgermantok.dylib
0x00007fff2a998000 	/usr/lib/libThaiTokenizer.dylib
0x00007fff2af5d000 	/usr/lib/libChineseTokenizer.dylib
0x00007fff2a9e8000 	/System/Library/Frameworks/MetalPerformanceShaders.framework/Versions/A/MetalPerformanceShaders
0x00007fff26587000 	/System/Library/Frameworks/Accelerate.framework/Versions/A/Frameworks/vImage.framework/Versions/A/vImage
0x00007fff30244000 	/System/Library/Frameworks/Accelerate.framework/Versions/A/Frameworks/vecLib.framework/Versions/A/vecLib
0x00007fff2af68000 	/System/Library/Frameworks/Accelerate.framework/Versions/A/Frameworks/vecLib.framework/Versions/A/libvMisc.dylib
0x00007fff299b5000 	/System/Library/Frameworks/Accelerate.framework/Versions/A/Frameworks/vecLib.framework/Versions/A/libvDSP.dylib
0x00007fff20c4c000 	/System/Library/Frameworks/Accelerate.framework/Versions/A/Frameworks/vecLib.framework/Versions/A/libBLAS.dylib
0x00007fff2aa16000 	/System/Library/Frameworks/Accelerate.framework/Versions/A/Frameworks/vecLib.framework/Versions/A/libLAPACK.dylib
0x00007fff29f8c000 	/System/Library/Frameworks/Accelerate.framework/Versions/A/Frameworks/vecLib.framework/Versions/A/libLinearAlgebra.dylib
0x00007fff2a9d5000 	/System/Library/Frameworks/Accelerate.framework/Versions/A/Frameworks/vecLib.framework/Versions/A/libSparseBLAS.dylib
0x00007fff2aa10000 	/System/Library/Frameworks/Accelerate.framework/Versions/A/Frameworks/vecLib.framework/Versions/A/libQuadrature.dylib
0x00007fff293b9000 	/System/Library/Frameworks/Accelerate.framework/Versions/A/Frameworks/vecLib.framework/Versions/A/libBNNS.dylib
0x00007fff20e21000 	/System/Library/Frameworks/Accelerate.framework/Versions/A/Frameworks/vecLib.framework/Versions/A/libSparse.dylib
0x00007fff29295000 	/System/Library/Frameworks/MetalPerformanceShaders.framework/Versions/A/Frameworks/MPSCore.framework/Versions/A/MPSCore
0x00007fff2a401000 	/System/Library/Frameworks/MetalPerformanceShaders.framework/Versions/A/Frameworks/MPSImage.framework/Versions/A/MPSImage
0x00007fff29fa2000 	/System/Library/Frameworks/MetalPerformanceShaders.framework/Versions/A/Frameworks/MPSNeuralNetwork.framework/Versions/A/MPSNeuralNetwork
0x00007fff2a373000 	/System/Library/Frameworks/MetalPerformanceShaders.framework/Versions/A/Frameworks/MPSMatrix.framework/Versions/A/MPSMatrix
0x00007fff2a1c1000 	/System/Library/Frameworks/MetalPerformanceShaders.framework/Versions/A/Frameworks/MPSRayIntersector.framework/Versions/A/MPSRayIntersector
0x00007fff2a3aa000 	/System/Library/Frameworks/MetalPerformanceShaders.framework/Versions/A/Frameworks/MPSNDArray.framework/Versions/A/MPSNDArray
0x00007fff20b77000 	/System/Library/PrivateFrameworks/MetalTools.framework/Versions/A/MetalTools
0x00007fff29305000 	/System/Library/PrivateFrameworks/AggregateDictionary.framework/Versions/A/AggregateDictionary
0x00007fff26465000 	/System/Library/PrivateFrameworks/CoreAnalytics.framework/Versions/A/CoreAnalytics
0x00007fff2a99a000 	/System/Library/PrivateFrameworks/AppleSauce.framework/Versions/A/AppleSauce
0x00007fff28607000 	/System/Library/PrivateFrameworks/IOAccelerator.framework/Versions/A/IOAccelerator
0x00007fff6bdd9000 	/System/Library/Frameworks/OpenGL.framework/Versions/A/Libraries/libCoreFSCache.dylib
0x00007fff214db000 	/System/Library/PrivateFrameworks/LanguageModeling.framework/Versions/A/LanguageModeling
0x00007fff29b43000 	/System/Library/PrivateFrameworks/CoreEmoji.framework/Versions/A/CoreEmoji
0x00007fff293b2000 	/System/Library/PrivateFrameworks/LinguisticData.framework/Versions/A/LinguisticData
0x00007fff20dd3000 	/System/Library/PrivateFrameworks/Lexicon.framework/Versions/A/Lexicon
0x00007fff2a8ac000 	/usr/lib/libcmph.dylib
0x00007fff2745c000 	/System/Library/Frameworks/OpenDirectory.framework/Versions/A/Frameworks/CFOpenDirectory.framework/Versions/A/CFOpenDirectory
0x00007fff2744c000 	/System/Library/Frameworks/OpenDirectory.framework/Versions/A/OpenDirectory
0x00007fff2ae26000 	/System/Library/PrivateFrameworks/APFS.framework/Versions/A/APFS
0x00007fff29e69000 	/System/Library/Frameworks/SecurityFoundation.framework/Versions/A/SecurityFoundation
0x00007fff2af30000 	/usr/lib/libutil.dylib
0x00007fff22ad1000 	/System/Library/PrivateFrameworks/CoreServicesStore.framework/Versions/A/CoreServicesStore
0x00007fff29eff000 	/System/Library/Frameworks/ServiceManagement.framework/Versions/A/ServiceManagement
0x00007fff2af34000 	/usr/lib/libxslt.1.dylib
0x00007fff29ef5000 	/System/Library/PrivateFrameworks/BackgroundTaskManagement.framework/Versions/A/BackgroundTaskManagement
0x00007fff2c03a000 	/System/Library/Frameworks/ImageIO.framework/Versions/A/Resources/libRadiance.dylib
0x00007fff2c043000 	/System/Library/Frameworks/ImageIO.framework/Versions/A/Resources/libJPEG.dylib
0x00007fff2bf94000 	/System/Library/Frameworks/ImageIO.framework/Versions/A/Resources/libPng.dylib
0x00007fff2bfb5000 	/System/Library/Frameworks/ImageIO.framework/Versions/A/Resources/libTIFF.dylib
0x00007fff2c098000 	/System/Library/Frameworks/ImageIO.framework/Versions/A/Resources/libGIF.dylib
0x00007fff2bce7000 	/System/Library/Frameworks/ImageIO.framework/Versions/A/Resources/libJP2.dylib
0x00007fff2b402000 	/usr/lib/libexpat.1.dylib
0x00007fff2bc9d000 	/System/Library/PrivateFrameworks/AppleJPEG.framework/Versions/A/AppleJPEG
0x00007fff2883d000 	/System/Library/PrivateFrameworks/FontServices.framework/libFontParser.dylib
0x00007fff2620c000 	/System/Library/PrivateFrameworks/RunningBoardServices.framework/Versions/A/RunningBoardServices
0x00007fff2bdc6000 	/System/Library/PrivateFrameworks/WatchdogClient.framework/Versions/A/WatchdogClient
0x00007fff215c4000 	/System/Library/Frameworks/CoreDisplay.framework/Versions/A/CoreDisplay
0x00007fff28752000 	/System/Library/Frameworks/CoreMedia.framework/Versions/A/CoreMedia
0x00007fff275dc000 	/System/Library/Frameworks/CoreVideo.framework/Versions/A/CoreVideo
0x00007fff2be01000 	/System/Library/Frameworks/VideoToolbox.framework/Versions/A/VideoToolbox
0x00007fff2618c000 	/System/Library/PrivateFrameworks/BaseBoard.framework/Versions/A/BaseBoard
0x00007fff2b547000 	/System/Library/PrivateFrameworks/PersistentConnection.framework/Versions/A/PersistentConnection
0x00007fff25f32000 	/System/Library/PrivateFrameworks/ProtocolBuffer.framework/Versions/A/ProtocolBuffer
0x00007fff26174000 	/System/Library/PrivateFrameworks/CommonUtilities.framework/Versions/A/CommonUtilities
0x00007fff2bc60000 	/System/Library/PrivateFrameworks/Bom.framework/Versions/A/Bom
0x00007fff2c032000 	/System/Library/PrivateFrameworks/GPUWrangler.framework/Versions/A/GPUWrangler
0x00007fff2c015000 	/System/Library/PrivateFrameworks/IOPresentment.framework/Versions/A/IOPresentment
0x00007fff2c03d000 	/System/Library/PrivateFrameworks/DSExternalDisplay.framework/Versions/A/DSExternalDisplay
0x00007fff2c09d000 	/System/Library/PrivateFrameworks/CMCaptureCore.framework/Versions/A/CMCaptureCore
0x00007fff2b9e3000 	/System/Library/PrivateFrameworks/AppServerSupport.framework/Versions/A/AppServerSupport
0x00007fff2da78000 	/System/Library/PrivateFrameworks/perfdata.framework/Versions/A/perfdata
0x00007fff29e58000 	/System/Library/PrivateFrameworks/AssertionServices.framework/Versions/A/AssertionServices
0x00007fff216fb000 	/System/Library/PrivateFrameworks/AudioToolboxCore.framework/Versions/A/AudioToolboxCore
0x00007fff28735000 	/System/Library/PrivateFrameworks/caulk.framework/Versions/A/caulk
0x00007fff3cf24000 	/System/Library/PrivateFrameworks/SystemPolicy.framework/Versions/A/SystemPolicy
0x00007fff2b211000 	/usr/lib/libIOReport.dylib
0x00007fff2d2b4000 	/usr/lib/libSMC.dylib
0x00007fff2bf60000 	/usr/lib/libAudioToolboxUtility.dylib
0x00007fff3d881000 	/usr/lib/libmis.dylib
0x00007fff6be35000 	/System/Library/Frameworks/OpenGL.framework/Versions/A/Libraries/libGLU.dylib
0x00007fff6bdf8000 	/System/Library/Frameworks/OpenGL.framework/Versions/A/Libraries/libGFXShared.dylib
0x00007fff6c006000 	/System/Library/Frameworks/OpenGL.framework/Versions/A/Libraries/libGL.dylib
0x00007fff6be01000 	/System/Library/Frameworks/OpenGL.framework/Versions/A/Libraries/libGLImage.dylib
0x00007fff6bdf5000 	/System/Library/Frameworks/OpenGL.framework/Versions/A/Libraries/libCVMSPluginSupport.dylib
0x00007fff6bde0000 	/System/Library/Frameworks/OpenGL.framework/Versions/A/Libraries/libCoreVMClient.dylib
0x00007fff6d450000 	/System/Library/Frameworks/OpenCL.framework/Versions/A/OpenCL
0x00007fff2b570000 	/System/Library/PrivateFrameworks/GraphVisualizer.framework/Versions/A/GraphVisualizer
0x00007fff2b57f000 	/System/Library/PrivateFrameworks/FaceCore.framework/Versions/A/FaceCore
0x00007fff2b99b000 	/System/Library/PrivateFrameworks/OTSVG.framework/Versions/A/OTSVG
0x00007fff271d1000 	/System/Library/Frameworks/ApplicationServices.framework/Versions/A/Frameworks/ATS.framework/Versions/A/Resources/libFontRegistry.dylib
0x00007fff2b9ea000 	/System/Library/PrivateFrameworks/FontServices.framework/libhvf.dylib
0x00007fff2b3ae000 	/System/Library/PrivateFrameworks/AppleVA.framework/Versions/A/AppleVA
0x00007fff2d0fc000 	/System/Library/Frameworks/ApplicationServices.framework/Versions/A/Frameworks/ATS.framework/Versions/A/ATS
0x00007fff2d40f000 	/System/Library/Frameworks/ApplicationServices.framework/Versions/A/Frameworks/ColorSyncLegacy.framework/Versions/A/ColorSyncLegacy
0x00007fff256ff000 	/System/Library/Frameworks/ApplicationServices.framework/Versions/A/Frameworks/HIServices.framework/Versions/A/HIServices
0x00007fff2d3f4000 	/System/Library/Frameworks/ApplicationServices.framework/Versions/A/Frameworks/LangAnalysis.framework/Versions/A/LangAnalysis
0x00007fff2c0a7000 	/System/Library/Frameworks/ApplicationServices.framework/Versions/A/Frameworks/PrintCore.framework/Versions/A/PrintCore
0x00007fff2d417000 	/System/Library/Frameworks/ApplicationServices.framework/Versions/A/Frameworks/QD.framework/Versions/A/QD
0x00007fff2d0ec000 	/System/Library/Frameworks/ApplicationServices.framework/Versions/A/Frameworks/SpeechSynthesis.framework/Versions/A/SpeechSynthesis
0x00007fff2c068000 	/System/Library/Frameworks/ApplicationServices.framework/Versions/A/Frameworks/ATSUI.framework/Versions/A/ATSUI
0x00007fff2d394000 	/usr/lib/libcups.2.dylib
0x00007fff2d404000 	/System/Library/PrivateFrameworks/NetAuth.framework/Versions/A/NetAuth
0x00007fff2da93000 	/System/Library/Frameworks/Kerberos.framework/Versions/A/Kerberos
0x00007fff2daa3000 	/System/Library/Frameworks/GSS.framework/Versions/A/GSS
0x00007fff2d169000 	/usr/lib/libresolv.9.dylib
0x00007fff2ba00000 	/System/Library/PrivateFrameworks/Heimdal.framework/Versions/A/Heimdal
0x00007fff3375a000 	/System/Library/Frameworks/Kerberos.framework/Versions/A/Libraries/libHeimdalProxy.dylib
0x00007fff262d9000 	/System/Library/Frameworks/Network.framework/Versions/A/Network
0x00007fff2b41c000 	/usr/lib/libheimdal-asn1.dylib
0x00007fff2daf4000 	/System/Library/PrivateFrameworks/CommonAuth.framework/Versions/A/CommonAuth
0x00007fff2762a000 	/System/Library/PrivateFrameworks/login.framework/Versions/A/Frameworks/loginsupport.framework/Versions/A/loginsupport
0x00007fff2d073000 	/System/Library/PrivateFrameworks/AudioSession.framework/Versions/A/AudioSession
0x00007fff2d0d9000 	/usr/lib/libAudioStatistics.dylib
0x00007fff2b4a8000 	/System/Library/PrivateFrameworks/MediaExperience.framework/Versions/A/MediaExperience
0x00007fff2cf0c000 	/System/Library/PrivateFrameworks/AudioSession.framework/libSessionUtility.dylib
0x00007fff2da84000 	/usr/lib/libperfcheck.dylib
0x00007fff2d423000 	/System/Library/PrivateFrameworks/AudioResourceArbitration.framework/Versions/A/AudioResourceArbitration
0x00007fff2b426000 	/System/Library/PrivateFrameworks/IconFoundation.framework/Versions/A/IconFoundation
0x00007fff2ff27000 	/System/Library/PrivateFrameworks/SpeechRecognitionCore.framework/Versions/A/SpeechRecognitionCore
0x000000010fa0f000 	/Applications/RStudio.app/Contents/Frameworks/libgssapi_krb5.2.2.dylib
0x000000010fac6000 	/Applications/RStudio.app/Contents/Frameworks/libkrb5.3.3.dylib
0x000000010fc49000 	/Applications/RStudio.app/Contents/Frameworks/libk5crypto.3.1.dylib
0x000000010fcb7000 	/Applications/RStudio.app/Contents/Frameworks/libcom_err.3.0.dylib
0x000000010fcd5000 	/Applications/RStudio.app/Contents/Frameworks/libkrb5support.1.1.dylib
0x000000010fd01000 	/Applications/RStudio.app/Contents/Frameworks/libintl.8.dylib
0x000000010fd31000 	/Library/Frameworks/R.framework/Versions/4.1/Resources/lib/libRblas.dylib
0x000000010fda0000 	/Library/Frameworks/R.framework/Versions/4.1/Resources/lib/libgfortran.5.dylib
0x00000001102d6000 	/Library/Frameworks/R.framework/Versions/4.1/Resources/lib/libquadmath.0.dylib
0x00007fff4108c000 	/usr/lib/libncurses.5.4.dylib
0x0000000110366000 	/Library/Frameworks/R.framework/Versions/4.1/Resources/lib/libgcc_s.1.dylib
0x0000000112307000 	/Library/Frameworks/R.framework/Versions/4.1/Resources/library/methods/libs/methods.so
0x0000000112330000 	/Library/Frameworks/R.framework/Versions/4.1/Resources/library/utils/libs/utils.so
0x0000000112362000 	/Library/Frameworks/R.framework/Versions/4.1/Resources/library/grDevices/libs/grDevices.so
0x00007fff2bac1000 	/System/Library/PrivateFrameworks/login.framework/Versions/A/login
0x0000000112422000 	/Library/Frameworks/R.framework/Versions/4.1/Resources/library/graphics/libs/graphics.so
0x00000001124e2000 	/Library/Frameworks/R.framework/Versions/4.1/Resources/library/stats/libs/stats.so
0x00000001126a4000 	/Library/Frameworks/R.framework/Versions/4.1/Resources/lib/libRlapack.dylib
0x0000000112b95000 	/Library/Frameworks/R.framework/Versions/4.1/Resources/library/tools/libs/tools.so
0x0000000112bde000 	/Library/Frameworks/R.framework/Versions/4.1/Resources/modules/internet.so
0x00007fff33207000 	/usr/lib/libcurl.4.dylib
0x00007fff32f67000 	/usr/lib/libcrypto.44.dylib
0x00007fff3306d000 	/usr/lib/libssl.46.dylib
0x00007fff32f2d000 	/System/Library/Frameworks/LDAP.framework/Versions/A/LDAP
0x00007fff32f65000 	/System/Library/PrivateFrameworks/TrustEvaluationAgent.framework/Versions/A/TrustEvaluationAgent
0x00007fff2d182000 	/usr/lib/libsasl2.2.dylib
0x00007fff30498000 	/System/Library/PrivateFrameworks/CoreDaemon.framework/Versions/B/CoreDaemon
0x00007fff30493000 	/System/Library/PrivateFrameworks/AppleSRP.framework/Versions/A/AppleSRP
0x0000000112d4b000 	/Library/Frameworks/R.framework/Versions/4.1/Resources/library/digest/libs/digest.so
0x0000000112d9e000 	/Library/Frameworks/R.framework/Versions/4.1/Resources/library/rlang/libs/rlang.so
0x0000000112e1f000 	/Library/Frameworks/R.framework/Versions/4.1/Resources/library/fastmap/libs/fastmap.so
0x0000000112e44000 	/Library/Frameworks/R.framework/Versions/4.1/Resources/library/htmltools/libs/htmltools.so
0x0000000112e50000 	/Library/Frameworks/R.framework/Versions/4.1/Resources/library/xfun/libs/xfun.so
0x0000000112e5d000 	/Library/Frameworks/R.framework/Versions/4.1/Resources/library/yaml/libs/yaml.so
0x0000000117000000 	/Library/Frameworks/R.framework/Versions/4.1/Resources/library/vctrs/libs/vctrs.so
0x0000000112ee8000 	/Library/Frameworks/R.framework/Versions/4.1/Resources/library/glue/libs/glue.so
0x0000000112ef6000 	/Library/Frameworks/R.framework/Versions/4.1/Resources/library/magrittr/libs/magrittr.so
0x0000000112f06000 	/Library/Frameworks/R.framework/Versions/4.1/Resources/library/ellipsis/libs/ellipsis.so
0x0000000112f12000 	/Library/Frameworks/R.framework/Versions/4.1/Resources/library/fansi/libs/fansi.so
0x0000000112f3f000 	/Library/Frameworks/R.framework/Versions/4.1/Resources/library/utf8/libs/utf8.so
0x0000000112fa8000 	/Library/Frameworks/R.framework/Versions/4.1/Resources/library/tibble/libs/tibble.so
0x0000000112fb7000 	/Library/Frameworks/R.framework/Versions/4.1/Resources/library/purrr/libs/purrr.so
0x0000000112fd2000 	/Library/Frameworks/R.framework/Versions/4.1/Resources/library/dplyr/libs/dplyr.so
0x00000001171b0000 	/Library/Frameworks/R.framework/Versions/4.1/Resources/library/tidyr/libs/tidyr.so
0x00000001171ec000 	/Library/Frameworks/R.framework/Versions/4.1/Resources/library/backports/libs/backports.so
0x00000001171f8000 	/Library/Frameworks/R.framework/Versions/4.1/Resources/library/grid/libs/grid.so
0x0000000117273000 	/Library/Frameworks/R.framework/Versions/4.1/Resources/library/colorspace/libs/colorspace.so
0x00000001172a1000 	/Library/Frameworks/R.framework/Versions/4.1/Resources/library/haven/libs/haven.so
0x00000001173b4000 	/Library/Frameworks/R.framework/Versions/4.1/Resources/library/jsonlite/libs/jsonlite.so
0x00000001173e3000 	/Library/Frameworks/R.framework/Versions/4.1/Resources/library/lubridate/libs/lubridate.so
0x0000000117468000 	/Library/Frameworks/R.framework/Versions/4.1/Resources/library/readr/libs/readr.so
0x000000011758e000 	/Library/Frameworks/R.framework/Versions/4.1/Resources/library/tzdb/libs/tzdb.so
0x000000011763a000 	/Library/Frameworks/R.framework/Versions/4.1/Resources/library/Rcpp/libs/Rcpp.so
0x0000000117777000 	/Library/Frameworks/R.framework/Versions/4.1/Resources/library/readxl/libs/readxl.so
0x0000000117846000 	/Library/Frameworks/R.framework/Versions/4.1/Resources/library/fs/libs/fs.so
0x00000001178cd000 	/Library/Frameworks/R.framework/Versions/4.1/Resources/library/xml2/libs/xml2.so
0x0000000117ca6000 	/Library/Frameworks/R.framework/Versions/4.1/Resources/library/stringi/libs/stringi.so
0x000000011a721000 	/Library/Frameworks/R.framework/Versions/4.1/Resources/library/cli/libs/cli.so
0x000000011a775000 	/Library/Frameworks/R.framework/Versions/4.1/Resources/library/parallel/libs/parallel.so
0x000000011a796000 	/Library/Frameworks/R.framework/Versions/4.1/Resources/library/slam/libs/slam.so
0x000000011a7b6000 	/Library/Frameworks/R.framework/Versions/4.1/Resources/library/tm/libs/tm.so
0x000000011a802000 	/Library/Internet Plug-Ins/JavaAppletPlugin.plugin/Contents/Home/lib/jli/libjli.dylib
0x00007fff3523d000 	/System/Library/Frameworks/Cocoa.framework/Versions/A/Cocoa
0x000000011a829000 	/Library/Internet Plug-Ins/JavaAppletPlugin.plugin/Contents/Home/lib/server/libjvm.dylib
0x00007fff7839e000 	/usr/lib/libstdc++.6.dylib
0x000000011c6e0000 	/Library/Frameworks/R.framework/Versions/4.1/Resources/library/rJava/libs/rJava.so
0x000000011c713000 	/Library/Internet Plug-Ins/JavaAppletPlugin.plugin/Contents/Home/lib/libverify.dylib
0x000000011c732000 	/Library/Internet Plug-Ins/JavaAppletPlugin.plugin/Contents/Home/lib/libjava.dylib
0x000000011c7a7000 	/Library/Internet Plug-Ins/JavaAppletPlugin.plugin/Contents/Home/lib/libzip.dylib
0x000000012d8af000 	/Library/Frameworks/R.framework/Versions/4.1/Resources/library/lda/libs/lda.so
0x000000012df6e000 	/Library/Frameworks/R.framework/Versions/4.1/Resources/library/topicmodels/libs/topicmodels.so
0x000000012d8d6000 	/Library/Frameworks/R.framework/Versions/4.1/Resources/library/lattice/libs/lattice.so
0x000000012e152000 	/Library/Frameworks/R.framework/Versions/4.1/Resources/library/Matrix/libs/Matrix.so
0x000000012e370000 	/Library/Frameworks/R.framework/Versions/4.1/Resources/library/data.table/libs/datatable.so
0x000000012e498000 	/Library/Frameworks/R.framework/Versions/4.1/Resources/library/stm/libs/stm.so
0x000000012e50c000 	/Library/Frameworks/R.framework/Versions/4.1/Resources/library/SnowballC/libs/SnowballC.so
0x000000012e5e6000 	/Library/Frameworks/R.framework/Versions/4.1/Resources/modules/lapack.so
0x00007fff2c29f000 	/System/Library/Frameworks/MediaToolbox.framework/Versions/A/MediaToolbox
0x00007fff31280000 	/System/Library/PrivateFrameworks/CoreAVCHD.framework/Versions/A/CoreAVCHD
0x00007fff30467000 	/System/Library/Frameworks/MediaAccessibility.framework/Versions/A/MediaAccessibility
0x00007fff3127c000 	/System/Library/PrivateFrameworks/Mangrove.framework/Versions/A/Mangrove
0x00007fff30473000 	/System/Library/PrivateFrameworks/AlgosScoreFramework.framework/Versions/A/AlgosScoreFramework
0x00007fff31c6a000 	/System/Library/PrivateFrameworks/AppleVPA.framework/Versions/A/AppleVPA
0x00007fff30ec1000 	/System/Library/PrivateFrameworks/CoreAUC.framework/Versions/A/CoreAUC
0x00007fff41548000 	/System/Library/Frameworks/Accelerate.framework/Versions/A/Frameworks/vImage.framework/Versions/A/Libraries/libCGInterfaces.dylib

VM Arguments:
jvm_args: -Djava.awt.headless=true -Xmx512m --add-opens=java.base/java.lang=ALL-UNNAMED -Xrs vfprintf exit -Xss2m 
java_command: <unknown>
java_class_path (initial): /Library/Frameworks/R.framework/Versions/4.1/Resources/library/rJava/java/boot
Launcher Type: generic

Environment Variables:
PATH=/usr/bin:/bin:/usr/sbin:/sbin:/usr/local/bin:/Applications/RStudio.app/Contents/MacOS/postback
SHELL=/bin/bash
DISPLAY=:0
DYLD_LIBRARY_PATH=/Library/Internet Plug-Ins/JavaAppletPlugin.plugin/Contents/Home/lib/server
DYLD_FALLBACK_LIBRARY_PATH=/Library/Frameworks/R.framework/Resources/lib:/Users/kellyfarley/lib:/usr/local/lib:/usr/lib:/lib:/Library/Java/JavaVirtualMachines/jdk1.8.0_241.jdk/Contents/Home/jre/lib/server:/var/folders/9c/6mmlx9sj2gbgg75gxsx4v7rh0000gn/T/rstudio-fallback-library-path-L8yNdN

Signal Handlers:
SIGSEGV: [libjvm.dylib+0x5b71a7], sa_mask[0]=11111111111111111111111111111111, sa_flags=SA_ONSTACK|SA_RESTART|SA_SIGINFO
SIGBUS: [libjvm.dylib+0x5b71a7], sa_mask[0]=11111111111111111111111111111111, sa_flags=SA_RESTART|SA_SIGINFO
SIGFPE: [libjvm.dylib+0x48c8fc], sa_mask[0]=11111111111111111111111111111111, sa_flags=SA_RESTART|SA_SIGINFO
SIGPIPE: [libjvm.dylib+0x48c8fc], sa_mask[0]=11111111111111111111111111111111, sa_flags=SA_RESTART|SA_SIGINFO
SIGXFSZ: [libjvm.dylib+0x48c8fc], sa_mask[0]=11111111111111111111111111111111, sa_flags=SA_RESTART|SA_SIGINFO
SIGILL: [libjvm.dylib+0x48c8fc], sa_mask[0]=11111111111111111111111111111111, sa_flags=SA_RESTART|SA_SIGINFO
SIGUSR1: SIG_IGN, sa_mask[0]=00000000000000000000000000000000, sa_flags=none
SIGUSR2: [libjvm.dylib+0x48c41a], sa_mask[0]=10000000000000000000000000000000, sa_flags=SA_RESTART|SA_SIGINFO
SIGHUP: SIG_DFL, sa_mask[0]=00000000000000000000000000000000, sa_flags=none
SIGINT: [rsession+0x16e6b0], sa_mask[0]=00000000000000000000000000000000, sa_flags=SA_RESTART
SIGTERM: SIG_DFL, sa_mask[0]=00000000000000000000000000000000, sa_flags=none
SIGQUIT: SIG_DFL, sa_mask[0]=00000000000000000000000000000000, sa_flags=none


---------------  S Y S T E M  ---------------

OS:Bsduname:Darwin 20.6.0 Darwin Kernel Version 20.6.0: Mon Aug 30 06:12:20 PDT 2021; root:xnu-7195.141.6~3/RELEASE_ARM64_T8101 x86_64
rlimit: STACK 8176k, CORE 0k, NPROC 2666, NOFILE 10240, AS infinity
load average:2.03 2.01 1.92

CPU:total 8 (initial active 8) (1 cores per cpu, 1 threads per core) family 6 model 44 stepping 0, cmov, cx8, fxsr, mmx, sse, sse2, sse3, ssse3, sse4.1, sse4.2, popcnt, aes, clmul, tsc, tscinvbit, tscinv

Memory: 4k page, physical 16777216k(364500k free)

/proc/meminfo:


vm_info: Java HotSpot(TM) 64-Bit Server VM (25.211-b12) for bsd-amd64 JRE (1.8.0_211-b12), built on Apr  1 2019 20:53:18 by "java_re" with gcc 4.2.1 (Based on Apple Inc. build 5658) (LLVM build 2336.11.00)

time: Thu Mar 31 11:15:25 2022
timezone: EDT
elapsed time: 5075 seconds (0d 1h 24m 35s)

